{"numTotalTestSuites":2,"numPassedTestSuites":0,"numFailedTestSuites":2,"numPendingTestSuites":0,"numTotalTests":4,"numPassedTests":1,"numFailedTests":3,"numPendingTests":0,"numTodoTests":0,"snapshot":{"added":0,"failure":false,"filesAdded":0,"filesRemoved":0,"filesRemovedList":[],"filesUnmatched":0,"filesUpdated":0,"matched":0,"total":0,"unchecked":0,"uncheckedKeysByFile":[],"unmatched":0,"updated":0,"didUpdate":false},"startTime":1788956146157,"success":false,"testResults":[{"assertionResults":[{"ancestorTitles":["What-If Simulator Verification"],"fullName":"What-If Simulator Verification correctly labels simulation output as WHAT-IF / SIMULATION ONLY and non-operational","status":"passed","title":"correctly labels simulation output as WHAT-IF / SIMULATION ONLY and non-operational","duration":1612.2515000000003,"failureMessages":[],"meta":{},"tags":[],"benchmarks":[]},{"ancestorTitles":["What-If Simulator Verification"],"fullName":"What-If Simulator Verification replaces the prior successful result when a later simulation fails","status":"failed","title":"replaces the prior successful result when a later simulation fails","duration":3018.4770000000008,"failureMessages":["Error: Unable to find an element with the text: /Simulation Failed\\/ Invalid Request/i. This could be because the text is broken up by multiple elements. In this case, you can provide a function for your text matcher to make your matcher more flexible.\n\nIgnored nodes: comments, script, style\n\u001b[36m<body>\u001b[39m\n  \u001b[36m<div>\u001b[39m\n    \u001b[36m<div\u001b[39m\n      \u001b[33mclass\u001b[39m=\u001b[32m\"min-h-screen flex flex-col bg-slate-100\"\u001b[39m\n    \u001b[36m>\u001b[39m\n      \u001b[36m<div\u001b[39m\n        \u001b[33mdata-testid\u001b[39m=\u001b[32m\"top-nav\"\u001b[39m\n      \u001b[36m>\u001b[39m\n        \u001b[0mTOP_NAV\u001b[0m\n      \u001b[36m</div>\u001b[39m\n      \u001b[36m<main\u001b[39m\n        \u001b[33mclass\u001b[39m=\u001b[32m\"flex-1 max-w-[1700px] w-full mx-auto p-4 sm:p-6 flex flex-col gap-5\"\u001b[39m\n      \u001b[36m>\u001b[39m\n        \u001b[36m<div\u001b[39m\n          \u001b[33mclass\u001b[39m=\u001b[32m\"bg-amber-50 border border-amber-300 rounded-lg p-3.5 flex items-center justify-between text-xs text-amber-900 shadow-subtle\"\u001b[39m\n        \u001b[36m>\u001b[39m\n          \u001b[36m<div\u001b[39m\n            \u001b[33mclass\u001b[39m=\u001b[32m\"flex items-center space-x-2.5\"\u001b[39m\n          \u001b[36m>\u001b[39m\n            \u001b[36m<svg\u001b[39m\n              \u001b[33mclass\u001b[39m=\u001b[32m\"lucide lucide-triangle-alert h-4 w-4 text-amber-600 flex-shrink-0\"\u001b[39m\n              \u001b[33mfill\u001b[39m=\u001b[32m\"none\"\u001b[39m\n              \u001b[33mheight\u001b[39m=\u001b[32m\"24\"\u001b[39m\n              \u001b[33mstroke\u001b[39m=\u001b[32m\"currentColor\"\u001b[39m\n              \u001b[33mstroke-linecap\u001b[39m=\u001b[32m\"round\"\u001b[39m\n              \u001b[33mstroke-linejoin\u001b[39m=\u001b[32m\"round\"\u001b[39m\n              \u001b[33mstroke-width\u001b[39m=\u001b[32m\"2\"\u001b[39m\n              \u001b[33mviewBox\u001b[39m=\u001b[32m\"0 0 24 24\"\u001b[39m\n              \u001b[33mwidth\u001b[39m=\u001b[32m\"24\"\u001b[39m\n              \u001b[33mxmlns\u001b[39m=\u001b[32m\"http://www.w3.org/2000/svg\"\u001b[39m\n            \u001b[36m>\u001b[39m\n              \u001b[36m<path\u001b[39m\n                \u001b[33md\u001b[39m=\u001b[32m\"m21.73 18-8-14a2 2 0 0 0-3.48 0l-8 14A2 2 0 0 0 4 21h16a2 2 0 0 0 1.73-3\"\u001b[39m\n              \u001b[36m/>\u001b[39m\n              \u001b[36m<path\u001b[39m\n                \u001b[33md\u001b[39m=\u001b[32m\"M12 9v4\"\u001b[39m\n              \u001b[36m/>\u001b[39m\n              \u001b[36m<path\u001b[39m\n                \u001b[33md\u001b[39m=\u001b[32m\"M12 17h.01\"\u001b[39m\n              \u001b[36m/>\u001b[39m\n            \u001b[36m</svg>\u001b[39m\n            \u001b[36m<span\u001b[39m\n              \u001b[33mclass\u001b[39m=\u001b[32m\"font-bold uppercase font-mono\"\u001b[39m\n            \u001b[36m>\u001b[39m\n              \u001b[0mWHAT-IF / SIMULATION ONLY:\u001b[0m\n            \u001b[36m</span>\u001b[39m\n            \u001b[36m<span>\u001b[39m\n              \u001b[0mSimulations do NOT modify live train schedules or database maintenance states.\u001b[0m\n            \u001b[36m</span>\u001b[39m\n          \u001b[36m</div>\u001b[39m\n          \u001b[36m<span\u001b[39m\n            \u001b[33mclass\u001b[39m=\u001b[32m\"text-[10px] font-mono text-amber-700 font-bold bg-amber-100 px-2 py-0.5 rounded border border-amber-200\"\u001b[39m\n          \u001b[36m>\u001b[39m\n            \u001b[0mNON-MUTATING SANDBOX\u001b[0m\n          \u001b[36m</span>\u001b[39m\n        \u001b[36m</div>\u001b[39m\n        \u001b[36m<div>\u001b[39m\n          \u001b[36m<h1\u001b[39m\n            \u001b[33mclass\u001b[39m=\u001b[32m\"text-xl font-bold text-slate-900 font-sans tracking-tight\"\u001b[39m\n          \u001b[36m>\u001b[39m\n            \u001b[0mWhat-If Window Optimization & Scenario Analysis\u001b[0m\n          \u001b[36m</h1>\u001b[39m\n          \u001b[36m<p\u001b[39m\n            \u001b[33mclass\u001b[39m=\u001b[32m\"text-xs text-slate-500 font-medium mt-0.5\"\u001b[39m\n          \u001b[36m>\u001b[39m\n            \u001b[0mSimulate alternative maintenance timings against live train movements and calculate projected delay cascades.\u001b[0m\n          \u001b[36m</p>\u001b[39m\n        \u001b[36m</div>\u001b[39m\n        \u001b[36m<div\u001b[39m\n          \u001b[33mclass\u001b[39m=\u001b[32m\"bg-white border border-slate-200 rounded-lg p-4 shadow-subtle\"\u001b[39m\n        \u001b[36m>\u001b[39m\n          \u001b[36m<div\u001b[39m\n            \u001b[33mclass\u001b[39m=\u001b[32m\"text-[10px] font-mono font-bold uppercase text-slate-400 tracking-wider mb-2\"\u001b[39m\n          \u001b[36m>\u001b[39m\n            \u001b[0mDATA → DECISION: THE WHOLE PIPELINE IN ONE LINE\u001b[0m\n          \u001b[36m</div>\u001b[39m\n          \u001b[36m<div\u001b[39m\n            \u001b[33mclass\u001b[39m=\u001b[32m\"grid grid-cols-2 sm:grid-cols-3 lg:grid-cols-6 gap-2\"\u001b[39m\n          \u001b[36m>\u001b[39m\n            \u001b[36m<div\u001b[39m\n              \u001b[33mclass\u001b[39m=\u001b[32m\"p-2.5 rounded border text-xs flex flex-col justify-between bg-slate-50 border-slate-200 text-slate-700\"\u001b[39m\n            \u001b[36m>\u001b[39m\n              \u001b[36m<div\u001b[39m\n                \u001b[33mclass\u001b[39m=\u001b[32m\"font-mono font-bold text-[10px] text-slate-400\"\u001b[39m\n              \u001b[36m>\u001b[39m\n                \u001b[0m01\u001b[0m\n              \u001b[36m</div>\u001b[39m\n              \u001b[36m<div\u001b[39m\n                \u001b[33mclass\u001b[39m=\u001b[32m\"font-bold text-xs mt-1\"\u001b[39m\n              \u001b[36m>\u001b[39m\n                \u001b[0mRAILWAY DATA\u001b[0m\n              \u001b[36m</div>\u001b[39m\n              \u001b[36m<div\u001b[39m\n                \u001b[33mclass\u001b[39m=\u001b[32m\"text-[10px] text-slate-500 font-sans mt-0.5\"\u001b[39m\n              \u001b[36m>\u001b[39m\n                \u001b[0mtopology · timetable\u001b[0m\n              \u001b[36m</div>\u001b[39m\n            \u001b[36m</div>\u001b[39m\n            \u001b[36m<div\u001b[39m\n              \u001b[33mclass\u001b[39m=\u001b[32m\"p-2.5 rounded border text-xs flex flex-col justify-between bg-slate-50 border-slate-200 text-slate-700\"\u001b[39m\n            \u001b[36m>\u001b[39m\n              \u001b[36m<div\u001b[39m\n                \u001b[33mclass\u001b[39m=\u001b[32m\"font-mono font-bold text-[10px] text-slate-400\"\u001b[39m\n              \u001b[36m>\u001b[39m\n                \u001b[0m02\u001b[0m\n              \u001b[36m</div>\u001b[39m\n              \u001b[36m<div\u001b[39m\n                \u001b[33mclass\u001b[39m=\u001b[32m\"font-bold text-xs mt-1\"\u001b[39m\n              \u001b[36m>\u001b[39m\n                \u001b[0mMAINTENANCE\u001b[0m\n              \u001b[36m</div>\u001b[39m\n              \u001b[36m<div\u001b[39m\n                \u001b[33mclass\u001b[39m=\u001b[32m\"text-[10px] text-slate-500 font-sans mt-0.5\"\u001b[39m\n              \u001b[36m>\u001b[39m\n                \u001b[0mtask · duration\u001b[0m\n              \u001b[36m</div>\u001b[39m\n            \u001b[36m</div>\u001b[39m\n            \u001b[36m<div\u001b[39m\n              \u001b[33mclass\u001b[39m=\u001b[32m\"p-2.5 rounded border text-xs flex flex-col justify-between bg-slate-50 border-slate-200 text-slate-700\"\u001b[39m\n            \u001b[36m>\u001b[39m\n              \u001b[36m<div\u001b[39m\n                \u001b[33mclass\u001b[39m=\u001b[32m\"font-mono font-bold text-[10px] text-slate-400\"\u001b[39m\n              \u001b[36m>\u001b[39m\n                \u001b[0m03\u001b[0m\n              \u001b[36m</div>\u001b[39m\n              \u001b[36m<div\u001b[39m\n                \u001b[33mclass\u001b[39m=\u001b[32m\"font-bold text-xs mt-1\"\u001b[39m\n              \u001b[36m>\u001b[39m\n                \u001b[0mRULES\u001b[0m\n              \u001b[36m</div>\u001b[39m\n              \u001b[36m<div\u001b[39m\n                \u001b[33mclass\u001b[39m=\u001b[32m\"text-[10px] text-slate-500 font-sans mt-0.5\"\u001b[39m\n              \u001b[36m>\u001b[39m\n                \u001b[0mpriority · feasibility\u001b[0m\n              \u001b[36m</div>\u001b[39m\n            \u001b[36m</div>\u001b[39m\n            \u001b[36m<div\u001b[39m\n              \u001b[33mclass\u001b[39m=\u001b[32m\"p-2.5 rounded border text-xs flex flex-col justify-between bg-slate-50 border-slate-200 text-slate-700\"\u001b[39m\n            \u001b[36m>\u001b[39m\n              \u001b[36m<div\u001b[39m\n                \u001b[33mclass\u001b[39m=\u001b[32m\"font-mono font-bold text-[10px] text-slate-400\"\u001b[39m\n              \u001b[36m>\u001b[39m\n                \u001b[0m04\u001b[0m\n              \u001b[36m</div>\u001b[39m\n              \u001b[36m<div\u001b[39m\n                \u001b[33mclass\u001b[39m=\u001b[32m\"font-bold text-xs mt-1\"\u001b[39m\n              \u001b[36m>\u001b[39m\n                \u001b[0mSIMULATION\u001b[0m\n              \u001b[36m</div>\u001b[39m\n              \u001b[36m<div\u001b[39m\n                \u001b[33mclass\u001b[39m=\u001b[32m\"text-[10px] text-slate-500 font-sans mt-0.5\"\u001b[39m\n              \u001b[36m>\u001b[39m\n                \u001b[0mconflict · cascade\u001b[0m\n              \u001b[36m</div>\u001b[39m\n            \u001b[36m</div>\u001b[39m\n            \u001b[36m<div\u001b[39m\n              \u001b[33mclass\u001b[39m=\u001b[32m\"p-2.5 rounded ...\n    at Proxy.waitForWrapper (D:\\Ai_DOC\\RailNexus@SIH\\Frontend\\node_modules\\@testing-library\\dom\\dist\\wait-for.js:163:27)\n    at D:/Ai_DOC/RailNexus@SIH/Frontend/src/test/whatIf.test.tsx:177:11\n    at file:///D:/Ai_DOC/RailNexus@SIH/Frontend/node_modules/vitest/dist/chunks/run.CQOUYP-x.js:2783:20"],"meta":{},"tags":[],"benchmarks":[]},{"ancestorTitles":["What-If Simulator Verification"],"fullName":"What-If Simulator Verification clears stale failure state when a later simulation succeeds","status":"failed","title":"clears stale failure state when a later simulation succeeds","duration":1852.050000000001,"failureMessages":["Error: Unable to find an element with the text: /Simulation Failed\\/ Invalid Request/i. This could be because the text is broken up by multiple elements. In this case, you can provide a function for your text matcher to make your matcher more flexible.\n\nIgnored nodes: comments, script, style\n\u001b[36m<body>\u001b[39m\n  \u001b[36m<div>\u001b[39m\n    \u001b[36m<div\u001b[39m\n      \u001b[33mclass\u001b[39m=\u001b[32m\"min-h-screen flex flex-col bg-slate-100\"\u001b[39m\n    \u001b[36m>\u001b[39m\n      \u001b[36m<div\u001b[39m\n        \u001b[33mdata-testid\u001b[39m=\u001b[32m\"top-nav\"\u001b[39m\n      \u001b[36m>\u001b[39m\n        \u001b[0mTOP_NAV\u001b[0m\n      \u001b[36m</div>\u001b[39m\n      \u001b[36m<main\u001b[39m\n        \u001b[33mclass\u001b[39m=\u001b[32m\"flex-1 max-w-[1700px] w-full mx-auto p-4 sm:p-6 flex flex-col gap-5\"\u001b[39m\n      \u001b[36m>\u001b[39m\n        \u001b[36m<div\u001b[39m\n          \u001b[33mclass\u001b[39m=\u001b[32m\"bg-amber-50 border border-amber-300 rounded-lg p-3.5 flex items-center justify-between text-xs text-amber-900 shadow-subtle\"\u001b[39m\n        \u001b[36m>\u001b[39m\n          \u001b[36m<div\u001b[39m\n            \u001b[33mclass\u001b[39m=\u001b[32m\"flex items-center space-x-2.5\"\u001b[39m\n          \u001b[36m>\u001b[39m\n            \u001b[36m<svg\u001b[39m\n              \u001b[33mclass\u001b[39m=\u001b[32m\"lucide lucide-triangle-alert h-4 w-4 text-amber-600 flex-shrink-0\"\u001b[39m\n              \u001b[33mfill\u001b[39m=\u001b[32m\"none\"\u001b[39m\n              \u001b[33mheight\u001b[39m=\u001b[32m\"24\"\u001b[39m\n              \u001b[33mstroke\u001b[39m=\u001b[32m\"currentColor\"\u001b[39m\n              \u001b[33mstroke-linecap\u001b[39m=\u001b[32m\"round\"\u001b[39m\n              \u001b[33mstroke-linejoin\u001b[39m=\u001b[32m\"round\"\u001b[39m\n              \u001b[33mstroke-width\u001b[39m=\u001b[32m\"2\"\u001b[39m\n              \u001b[33mviewBox\u001b[39m=\u001b[32m\"0 0 24 24\"\u001b[39m\n              \u001b[33mwidth\u001b[39m=\u001b[32m\"24\"\u001b[39m\n              \u001b[33mxmlns\u001b[39m=\u001b[32m\"http://www.w3.org/2000/svg\"\u001b[39m\n            \u001b[36m>\u001b[39m\n              \u001b[36m<path\u001b[39m\n                \u001b[33md\u001b[39m=\u001b[32m\"m21.73 18-8-14a2 2 0 0 0-3.48 0l-8 14A2 2 0 0 0 4 21h16a2 2 0 0 0 1.73-3\"\u001b[39m\n              \u001b[36m/>\u001b[39m\n              \u001b[36m<path\u001b[39m\n                \u001b[33md\u001b[39m=\u001b[32m\"M12 9v4\"\u001b[39m\n              \u001b[36m/>\u001b[39m\n              \u001b[36m<path\u001b[39m\n                \u001b[33md\u001b[39m=\u001b[32m\"M12 17h.01\"\u001b[39m\n              \u001b[36m/>\u001b[39m\n            \u001b[36m</svg>\u001b[39m\n            \u001b[36m<span\u001b[39m\n              \u001b[33mclass\u001b[39m=\u001b[32m\"font-bold uppercase font-mono\"\u001b[39m\n            \u001b[36m>\u001b[39m\n              \u001b[0mWHAT-IF / SIMULATION ONLY:\u001b[0m\n            \u001b[36m</span>\u001b[39m\n            \u001b[36m<span>\u001b[39m\n              \u001b[0mSimulations do NOT modify live train schedules or database maintenance states.\u001b[0m\n            \u001b[36m</span>\u001b[39m\n          \u001b[36m</div>\u001b[39m\n          \u001b[36m<span\u001b[39m\n            \u001b[33mclass\u001b[39m=\u001b[32m\"text-[10px] font-mono text-amber-700 font-bold bg-amber-100 px-2 py-0.5 rounded border border-amber-200\"\u001b[39m\n          \u001b[36m>\u001b[39m\n            \u001b[0mNON-MUTATING SANDBOX\u001b[0m\n          \u001b[36m</span>\u001b[39m\n        \u001b[36m</div>\u001b[39m\n        \u001b[36m<div>\u001b[39m\n          \u001b[36m<h1\u001b[39m\n            \u001b[33mclass\u001b[39m=\u001b[32m\"text-xl font-bold text-slate-900 font-sans tracking-tight\"\u001b[39m\n          \u001b[36m>\u001b[39m\n            \u001b[0mWhat-If Window Optimization & Scenario Analysis\u001b[0m\n          \u001b[36m</h1>\u001b[39m\n          \u001b[36m<p\u001b[39m\n            \u001b[33mclass\u001b[39m=\u001b[32m\"text-xs text-slate-500 font-medium mt-0.5\"\u001b[39m\n          \u001b[36m>\u001b[39m\n            \u001b[0mSimulate alternative maintenance timings against live train movements and calculate projected delay cascades.\u001b[0m\n          \u001b[36m</p>\u001b[39m\n        \u001b[36m</div>\u001b[39m\n        \u001b[36m<div\u001b[39m\n          \u001b[33mclass\u001b[39m=\u001b[32m\"bg-white border border-slate-200 rounded-lg p-4 shadow-subtle\"\u001b[39m\n        \u001b[36m>\u001b[39m\n          \u001b[36m<div\u001b[39m\n            \u001b[33mclass\u001b[39m=\u001b[32m\"text-[10px] font-mono font-bold uppercase text-slate-400 tracking-wider mb-2\"\u001b[39m\n          \u001b[36m>\u001b[39m\n            \u001b[0mDATA → DECISION: THE WHOLE PIPELINE IN ONE LINE\u001b[0m\n          \u001b[36m</div>\u001b[39m\n          \u001b[36m<div\u001b[39m\n            \u001b[33mclass\u001b[39m=\u001b[32m\"grid grid-cols-2 sm:grid-cols-3 lg:grid-cols-6 gap-2\"\u001b[39m\n          \u001b[36m>\u001b[39m\n            \u001b[36m<div\u001b[39m\n              \u001b[33mclass\u001b[39m=\u001b[32m\"p-2.5 rounded border text-xs flex flex-col justify-between bg-slate-50 border-slate-200 text-slate-700\"\u001b[39m\n            \u001b[36m>\u001b[39m\n              \u001b[36m<div\u001b[39m\n                \u001b[33mclass\u001b[39m=\u001b[32m\"font-mono font-bold text-[10px] text-slate-400\"\u001b[39m\n              \u001b[36m>\u001b[39m\n                \u001b[0m01\u001b[0m\n              \u001b[36m</div>\u001b[39m\n              \u001b[36m<div\u001b[39m\n                \u001b[33mclass\u001b[39m=\u001b[32m\"font-bold text-xs mt-1\"\u001b[39m\n              \u001b[36m>\u001b[39m\n                \u001b[0mRAILWAY DATA\u001b[0m\n              \u001b[36m</div>\u001b[39m\n              \u001b[36m<div\u001b[39m\n                \u001b[33mclass\u001b[39m=\u001b[32m\"text-[10px] text-slate-500 font-sans mt-0.5\"\u001b[39m\n              \u001b[36m>\u001b[39m\n                \u001b[0mtopology · timetable\u001b[0m\n              \u001b[36m</div>\u001b[39m\n            \u001b[36m</div>\u001b[39m\n            \u001b[36m<div\u001b[39m\n              \u001b[33mclass\u001b[39m=\u001b[32m\"p-2.5 rounded border text-xs flex flex-col justify-between bg-slate-50 border-slate-200 text-slate-700\"\u001b[39m\n            \u001b[36m>\u001b[39m\n              \u001b[36m<div\u001b[39m\n                \u001b[33mclass\u001b[39m=\u001b[32m\"font-mono font-bold text-[10px] text-slate-400\"\u001b[39m\n              \u001b[36m>\u001b[39m\n                \u001b[0m02\u001b[0m\n              \u001b[36m</div>\u001b[39m\n              \u001b[36m<div\u001b[39m\n                \u001b[33mclass\u001b[39m=\u001b[32m\"font-bold text-xs mt-1\"\u001b[39m\n              \u001b[36m>\u001b[39m\n                \u001b[0mMAINTENANCE\u001b[0m\n              \u001b[36m</div>\u001b[39m\n              \u001b[36m<div\u001b[39m\n                \u001b[33mclass\u001b[39m=\u001b[32m\"text-[10px] text-slate-500 font-sans mt-0.5\"\u001b[39m\n              \u001b[36m>\u001b[39m\n                \u001b[0mtask · duration\u001b[0m\n              \u001b[36m</div>\u001b[39m\n            \u001b[36m</div>\u001b[39m\n            \u001b[36m<div\u001b[39m\n              \u001b[33mclass\u001b[39m=\u001b[32m\"p-2.5 rounded border text-xs flex flex-col justify-between bg-slate-50 border-slate-200 text-slate-700\"\u001b[39m\n            \u001b[36m>\u001b[39m\n              \u001b[36m<div\u001b[39m\n                \u001b[33mclass\u001b[39m=\u001b[32m\"font-mono font-bold text-[10px] text-slate-400\"\u001b[39m\n              \u001b[36m>\u001b[39m\n                \u001b[0m03\u001b[0m\n              \u001b[36m</div>\u001b[39m\n              \u001b[36m<div\u001b[39m\n                \u001b[33mclass\u001b[39m=\u001b[32m\"font-bold text-xs mt-1\"\u001b[39m\n              \u001b[36m>\u001b[39m\n                \u001b[0mRULES\u001b[0m\n              \u001b[36m</div>\u001b[39m\n              \u001b[36m<div\u001b[39m\n                \u001b[33mclass\u001b[39m=\u001b[32m\"text-[10px] text-slate-500 font-sans mt-0.5\"\u001b[39m\n              \u001b[36m>\u001b[39m\n                \u001b[0mpriority · feasibility\u001b[0m\n              \u001b[36m</div>\u001b[39m\n            \u001b[36m</div>\u001b[39m\n            \u001b[36m<div\u001b[39m\n              \u001b[33mclass\u001b[39m=\u001b[32m\"p-2.5 rounded border text-xs flex flex-col justify-between bg-slate-50 border-slate-200 text-slate-700\"\u001b[39m\n            \u001b[36m>\u001b[39m\n              \u001b[36m<div\u001b[39m\n                \u001b[33mclass\u001b[39m=\u001b[32m\"font-mono font-bold text-[10px] text-slate-400\"\u001b[39m\n              \u001b[36m>\u001b[39m\n                \u001b[0m04\u001b[0m\n              \u001b[36m</div>\u001b[39m\n              \u001b[36m<div\u001b[39m\n                \u001b[33mclass\u001b[39m=\u001b[32m\"font-bold text-xs mt-1\"\u001b[39m\n              \u001b[36m>\u001b[39m\n                \u001b[0mSIMULATION\u001b[0m\n              \u001b[36m</div>\u001b[39m\n              \u001b[36m<div\u001b[39m\n                \u001b[33mclass\u001b[39m=\u001b[32m\"text-[10px] text-slate-500 font-sans mt-0.5\"\u001b[39m\n              \u001b[36m>\u001b[39m\n                \u001b[0mconflict · cascade\u001b[0m\n              \u001b[36m</div>\u001b[39m\n            \u001b[36m</div>\u001b[39m\n            \u001b[36m<div\u001b[39m\n              \u001b[33mclass\u001b[39m=\u001b[32m\"p-2.5 rounded ...\n    at Proxy.waitForWrapper (D:\\Ai_DOC\\RailNexus@SIH\\Frontend\\node_modules\\@testing-library\\dom\\dist\\wait-for.js:163:27)\n    at D:/Ai_DOC/RailNexus@SIH/Frontend/src/test/whatIf.test.tsx:224:11\n    at file:///D:/Ai_DOC/RailNexus@SIH/Frontend/node_modules/vitest/dist/chunks/run.CQOUYP-x.js:2783:20"],"meta":{},"tags":[],"benchmarks":[]},{"ancestorTitles":["What-If Simulator Verification"],"fullName":"What-If Simulator Verification keeps the failed state when repeated requests fail without reusing any previous data","status":"failed","title":"keeps the failed state when repeated requests fail without reusing any previous data","duration":1819.1908999999996,"failureMessages":["Error: Unable to find an element with the text: /Simulation Failed\\/ Invalid Request/i. This could be because the text is broken up by multiple elements. In this case, you can provide a function for your text matcher to make your matcher more flexible.\n\nIgnored nodes: comments, script, style\n\u001b[36m<body>\u001b[39m\n  \u001b[36m<div>\u001b[39m\n    \u001b[36m<div\u001b[39m\n      \u001b[33mclass\u001b[39m=\u001b[32m\"min-h-screen flex flex-col bg-slate-100\"\u001b[39m\n    \u001b[36m>\u001b[39m\n      \u001b[36m<div\u001b[39m\n        \u001b[33mdata-testid\u001b[39m=\u001b[32m\"top-nav\"\u001b[39m\n      \u001b[36m>\u001b[39m\n        \u001b[0mTOP_NAV\u001b[0m\n      \u001b[36m</div>\u001b[39m\n      \u001b[36m<main\u001b[39m\n        \u001b[33mclass\u001b[39m=\u001b[32m\"flex-1 max-w-[1700px] w-full mx-auto p-4 sm:p-6 flex flex-col gap-5\"\u001b[39m\n      \u001b[36m>\u001b[39m\n        \u001b[36m<div\u001b[39m\n          \u001b[33mclass\u001b[39m=\u001b[32m\"bg-amber-50 border border-amber-300 rounded-lg p-3.5 flex items-center justify-between text-xs text-amber-900 shadow-subtle\"\u001b[39m\n        \u001b[36m>\u001b[39m\n          \u001b[36m<div\u001b[39m\n            \u001b[33mclass\u001b[39m=\u001b[32m\"flex items-center space-x-2.5\"\u001b[39m\n          \u001b[36m>\u001b[39m\n            \u001b[36m<svg\u001b[39m\n              \u001b[33mclass\u001b[39m=\u001b[32m\"lucide lucide-triangle-alert h-4 w-4 text-amber-600 flex-shrink-0\"\u001b[39m\n              \u001b[33mfill\u001b[39m=\u001b[32m\"none\"\u001b[39m\n              \u001b[33mheight\u001b[39m=\u001b[32m\"24\"\u001b[39m\n              \u001b[33mstroke\u001b[39m=\u001b[32m\"currentColor\"\u001b[39m\n              \u001b[33mstroke-linecap\u001b[39m=\u001b[32m\"round\"\u001b[39m\n              \u001b[33mstroke-linejoin\u001b[39m=\u001b[32m\"round\"\u001b[39m\n              \u001b[33mstroke-width\u001b[39m=\u001b[32m\"2\"\u001b[39m\n              \u001b[33mviewBox\u001b[39m=\u001b[32m\"0 0 24 24\"\u001b[39m\n              \u001b[33mwidth\u001b[39m=\u001b[32m\"24\"\u001b[39m\n              \u001b[33mxmlns\u001b[39m=\u001b[32m\"http://www.w3.org/2000/svg\"\u001b[39m\n            \u001b[36m>\u001b[39m\n              \u001b[36m<path\u001b[39m\n                \u001b[33md\u001b[39m=\u001b[32m\"m21.73 18-8-14a2 2 0 0 0-3.48 0l-8 14A2 2 0 0 0 4 21h16a2 2 0 0 0 1.73-3\"\u001b[39m\n              \u001b[36m/>\u001b[39m\n              \u001b[36m<path\u001b[39m\n                \u001b[33md\u001b[39m=\u001b[32m\"M12 9v4\"\u001b[39m\n              \u001b[36m/>\u001b[39m\n              \u001b[36m<path\u001b[39m\n                \u001b[33md\u001b[39m=\u001b[32m\"M12 17h.01\"\u001b[39m\n              \u001b[36m/>\u001b[39m\n            \u001b[36m</svg>\u001b[39m\n            \u001b[36m<span\u001b[39m\n              \u001b[33mclass\u001b[39m=\u001b[32m\"font-bold uppercase font-mono\"\u001b[39m\n            \u001b[36m>\u001b[39m\n              \u001b[0mWHAT-IF / SIMULATION ONLY:\u001b[0m\n            \u001b[36m</span>\u001b[39m\n            \u001b[36m<span>\u001b[39m\n              \u001b[0mSimulations do NOT modify live train schedules or database maintenance states.\u001b[0m\n            \u001b[36m</span>\u001b[39m\n          \u001b[36m</div>\u001b[39m\n          \u001b[36m<span\u001b[39m\n            \u001b[33mclass\u001b[39m=\u001b[32m\"text-[10px] font-mono text-amber-700 font-bold bg-amber-100 px-2 py-0.5 rounded border border-amber-200\"\u001b[39m\n          \u001b[36m>\u001b[39m\n            \u001b[0mNON-MUTATING SANDBOX\u001b[0m\n          \u001b[36m</span>\u001b[39m\n        \u001b[36m</div>\u001b[39m\n        \u001b[36m<div>\u001b[39m\n          \u001b[36m<h1\u001b[39m\n            \u001b[33mclass\u001b[39m=\u001b[32m\"text-xl font-bold text-slate-900 font-sans tracking-tight\"\u001b[39m\n          \u001b[36m>\u001b[39m\n            \u001b[0mWhat-If Window Optimization & Scenario Analysis\u001b[0m\n          \u001b[36m</h1>\u001b[39m\n          \u001b[36m<p\u001b[39m\n            \u001b[33mclass\u001b[39m=\u001b[32m\"text-xs text-slate-500 font-medium mt-0.5\"\u001b[39m\n          \u001b[36m>\u001b[39m\n            \u001b[0mSimulate alternative maintenance timings against live train movements and calculate projected delay cascades.\u001b[0m\n          \u001b[36m</p>\u001b[39m\n        \u001b[36m</div>\u001b[39m\n        \u001b[36m<div\u001b[39m\n          \u001b[33mclass\u001b[39m=\u001b[32m\"bg-white border border-slate-200 rounded-lg p-4 shadow-subtle\"\u001b[39m\n        \u001b[36m>\u001b[39m\n          \u001b[36m<div\u001b[39m\n            \u001b[33mclass\u001b[39m=\u001b[32m\"text-[10px] font-mono font-bold uppercase text-slate-400 tracking-wider mb-2\"\u001b[39m\n          \u001b[36m>\u001b[39m\n            \u001b[0mDATA → DECISION: THE WHOLE PIPELINE IN ONE LINE\u001b[0m\n          \u001b[36m</div>\u001b[39m\n          \u001b[36m<div\u001b[39m\n            \u001b[33mclass\u001b[39m=\u001b[32m\"grid grid-cols-2 sm:grid-cols-3 lg:grid-cols-6 gap-2\"\u001b[39m\n          \u001b[36m>\u001b[39m\n            \u001b[36m<div\u001b[39m\n              \u001b[33mclass\u001b[39m=\u001b[32m\"p-2.5 rounded border text-xs flex flex-col justify-between bg-slate-50 border-slate-200 text-slate-700\"\u001b[39m\n            \u001b[36m>\u001b[39m\n              \u001b[36m<div\u001b[39m\n                \u001b[33mclass\u001b[39m=\u001b[32m\"font-mono font-bold text-[10px] text-slate-400\"\u001b[39m\n              \u001b[36m>\u001b[39m\n                \u001b[0m01\u001b[0m\n              \u001b[36m</div>\u001b[39m\n              \u001b[36m<div\u001b[39m\n                \u001b[33mclass\u001b[39m=\u001b[32m\"font-bold text-xs mt-1\"\u001b[39m\n              \u001b[36m>\u001b[39m\n                \u001b[0mRAILWAY DATA\u001b[0m\n              \u001b[36m</div>\u001b[39m\n              \u001b[36m<div\u001b[39m\n                \u001b[33mclass\u001b[39m=\u001b[32m\"text-[10px] text-slate-500 font-sans mt-0.5\"\u001b[39m\n              \u001b[36m>\u001b[39m\n                \u001b[0mtopology · timetable\u001b[0m\n              \u001b[36m</div>\u001b[39m\n            \u001b[36m</div>\u001b[39m\n            \u001b[36m<div\u001b[39m\n              \u001b[33mclass\u001b[39m=\u001b[32m\"p-2.5 rounded border text-xs flex flex-col justify-between bg-slate-50 border-slate-200 text-slate-700\"\u001b[39m\n            \u001b[36m>\u001b[39m\n              \u001b[36m<div\u001b[39m\n                \u001b[33mclass\u001b[39m=\u001b[32m\"font-mono font-bold text-[10px] text-slate-400\"\u001b[39m\n              \u001b[36m>\u001b[39m\n                \u001b[0m02\u001b[0m\n              \u001b[36m</div>\u001b[39m\n              \u001b[36m<div\u001b[39m\n                \u001b[33mclass\u001b[39m=\u001b[32m\"font-bold text-xs mt-1\"\u001b[39m\n              \u001b[36m>\u001b[39m\n                \u001b[0mMAINTENANCE\u001b[0m\n              \u001b[36m</div>\u001b[39m\n              \u001b[36m<div\u001b[39m\n                \u001b[33mclass\u001b[39m=\u001b[32m\"text-[10px] text-slate-500 font-sans mt-0.5\"\u001b[39m\n              \u001b[36m>\u001b[39m\n                \u001b[0mtask · duration\u001b[0m\n              \u001b[36m</div>\u001b[39m\n            \u001b[36m</div>\u001b[39m\n            \u001b[36m<div\u001b[39m\n              \u001b[33mclass\u001b[39m=\u001b[32m\"p-2.5 rounded border text-xs flex flex-col justify-between bg-slate-50 border-slate-200 text-slate-700\"\u001b[39m\n            \u001b[36m>\u001b[39m\n              \u001b[36m<div\u001b[39m\n                \u001b[33mclass\u001b[39m=\u001b[32m\"font-mono font-bold text-[10px] text-slate-400\"\u001b[39m\n              \u001b[36m>\u001b[39m\n                \u001b[0m03\u001b[0m\n              \u001b[36m</div>\u001b[39m\n              \u001b[36m<div\u001b[39m\n                \u001b[33mclass\u001b[39m=\u001b[32m\"font-bold text-xs mt-1\"\u001b[39m\n              \u001b[36m>\u001b[39m\n                \u001b[0mRULES\u001b[0m\n              \u001b[36m</div>\u001b[39m\n              \u001b[36m<div\u001b[39m\n                \u001b[33mclass\u001b[39m=\u001b[32m\"text-[10px] text-slate-500 font-sans mt-0.5\"\u001b[39m\n              \u001b[36m>\u001b[39m\n                \u001b[0mpriority · feasibility\u001b[0m\n              \u001b[36m</div>\u001b[39m\n            \u001b[36m</div>\u001b[39m\n            \u001b[36m<div\u001b[39m\n              \u001b[33mclass\u001b[39m=\u001b[32m\"p-2.5 rounded border text-xs flex flex-col justify-between bg-slate-50 border-slate-200 text-slate-700\"\u001b[39m\n            \u001b[36m>\u001b[39m\n              \u001b[36m<div\u001b[39m\n                \u001b[33mclass\u001b[39m=\u001b[32m\"font-mono font-bold text-[10px] text-slate-400\"\u001b[39m\n              \u001b[36m>\u001b[39m\n                \u001b[0m04\u001b[0m\n              \u001b[36m</div>\u001b[39m\n              \u001b[36m<div\u001b[39m\n                \u001b[33mclass\u001b[39m=\u001b[32m\"font-bold text-xs mt-1\"\u001b[39m\n              \u001b[36m>\u001b[39m\n                \u001b[0mSIMULATION\u001b[0m\n              \u001b[36m</div>\u001b[39m\n              \u001b[36m<div\u001b[39m\n                \u001b[33mclass\u001b[39m=\u001b[32m\"text-[10px] text-slate-500 font-sans mt-0.5\"\u001b[39m\n              \u001b[36m>\u001b[39m\n                \u001b[0mconflict · cascade\u001b[0m\n              \u001b[36m</div>\u001b[39m\n            \u001b[36m</div>\u001b[39m\n            \u001b[36m<div\u001b[39m\n              \u001b[33mclass\u001b[39m=\u001b[32m\"p-2.5 rounded ...\n    at Proxy.waitForWrapper (D:\\Ai_DOC\\RailNexus@SIH\\Frontend\\node_modules\\@testing-library\\dom\\dist\\wait-for.js:163:27)\n    at D:/Ai_DOC/RailNexus@SIH/Frontend/src/test/whatIf.test.tsx:265:11\n    at file:///D:/Ai_DOC/RailNexus@SIH/Frontend/node_modules/vitest/dist/chunks/run.CQOUYP-x.js:2783:20"],"meta":{},"tags":[],"benchmarks":[]}],"startTime":1788956153274,"endTime":1788956161576.191,"status":"failed","message":"","name":"D:/Ai_DOC/RailNexus@SIH/Frontend/src/test/whatIf.test.tsx"}]}